# JRE version: Java(TM) SE Runtime Environment (20.0+36) (build 20+36-2344)
# Java VM: Java HotSpot(TM) 64-Bit Server VM (20+36-2344, mixed mode, emulated-client, sharing, tiered, compressed oops, compressed class ptrs, g1 gc, windows-amd64)
GC Precious Log:
 CardTable entry size: 512
 Card Set container configuration: InlinePtr #cards 4 size 8 Array Of Cards #cards 16 size 48 Howl #buckets 8 coarsen threshold 3686 Howl Bitmap #cards 512 size 80 coarsen threshold 460 Card regions per heap region 1 cards per card region 4096
 CPUs: 4 total, 4 available
 Memory: 12143M
 Large Page Support: Disabled
 NUMA Support: Disabled
 Compressed Oops: Enabled (Zero based)
 Heap Region Size: 2M
 Heap Min Capacity: 8M
 Heap Initial Capacity: 190M
 Heap Max Capacity: 3036M
 Pre-touch: Disabled
 Parallel Workers: 4
 Concurrent Workers: 1
 Concurrent Refinement Workers: 4
 Periodic GC: Disabled
Heap:
 garbage-first heap   total 153600K, used 100167K [0x0000000742400000, 0x0000000800000000)
  region size 2048K, 9 young (18432K), 2 survivors (4096K)
 Metaspace       used 75849K, committed 76672K, reserved 1179648K
  class space    used 10488K, committed 10816K, reserved 1048576K
GC Heap History (20 events):
Event: 10.871 GC heap before
{Heap before GC invocations=15 (full 0):
 garbage-first heap   total 92160K, used 79398K [0x0000000742400000, 0x0000000800000000)
  region size 2048K, 24 young (49152K), 2 survivors (4096K)
 Metaspace       used 62430K, committed 63040K, reserved 1114112K
  class space    used 8736K, committed 9024K, reserved 1048576K
}
Event: 10.882 GC heap after
{Heap after GC invocations=16 (full 0):
 garbage-first heap   total 92160K, used 36465K [0x0000000742400000, 0x0000000800000000)
  region size 2048K, 2 young (4096K), 2 survivors (4096K)
 Metaspace       used 62430K, committed 63040K, reserved 1114112K
  class space    used 8736K, committed 9024K, reserved 1048576K
}
Event: 11.351 GC heap before
{Heap before GC invocations=16 (full 0):
 garbage-first heap   total 92160K, used 77425K [0x0000000742400000, 0x0000000800000000)
  region size 2048K, 23 young (47104K), 2 survivors (4096K)
 Metaspace       used 63558K, committed 64192K, reserved 1114112K
  class space    used 8903K, committed 9216K, reserved 1048576K
}
Event: 11.365 GC heap after
{Heap after GC invocations=17 (full 0):
 garbage-first heap   total 92160K, used 37026K [0x0000000742400000, 0x0000000800000000)
  region size 2048K, 2 young (4096K), 2 survivors (4096K)
 Metaspace       used 63558K, committed 64192K, reserved 1114112K
  class space    used 8903K, committed 9216K, reserved 1048576K
}
Event: 11.680 GC heap before
{Heap before GC invocations=17 (full 0):
 garbage-first heap   total 92160K, used 80034K [0x0000000742400000, 0x0000000800000000)
  region size 2048K, 23 young (47104K), 2 survivors (4096K)
 Metaspace       used 63795K, committed 64448K, reserved 1114112K
  class space    used 8927K, committed 9216K, reserved 1048576K
}
Event: 11.688 GC heap after
{Heap after GC invocations=18 (full 0):
 garbage-first heap   total 92160K, used 38133K [0x0000000742400000, 0x0000000800000000)
  region size 2048K, 2 young (4096K), 2 survivors (4096K)
 Metaspace       used 63795K, committed 64448K, reserved 1114112K
  class space    used 8927K, committed 9216K, reserved 1048576K
}
Event: 12.477 GC heap before
{Heap before GC invocations=18 (full 0):
 garbage-first heap   total 92160K, used 81141K [0x0000000742400000, 0x0000000800000000)
  region size 2048K, 23 young (47104K), 2 survivors (4096K)
 Metaspace       used 66889K, committed 67584K, reserved 1114112K
  class space    used 9358K, committed 9664K, reserved 1048576K
}
Event: 12.490 GC heap after
{Heap after GC invocations=19 (full 0):
 garbage-first heap   total 92160K, used 40457K [0x0000000742400000, 0x0000000800000000)
  region size 2048K, 3 young (6144K), 3 survivors (6144K)
 Metaspace       used 66889K, committed 67584K, reserved 1114112K
  class space    used 9358K, committed 9664K, reserved 1048576K
}
Event: 12.768 GC heap before
{Heap before GC invocations=20 (full 0):
 garbage-first heap   total 92160K, used 77321K [0x0000000742400000, 0x0000000800000000)
  region size 2048K, 21 young (43008K), 3 survivors (6144K)
 Metaspace       used 67526K, committed 68224K, reserved 1114112K
  class space    used 9435K, committed 9728K, reserved 1048576K
}
Event: 12.780 GC heap after
{Heap after GC invocations=21 (full 0):
 garbage-first heap   total 92160K, used 48334K [0x0000000742400000, 0x0000000800000000)
  region size 2048K, 3 young (6144K), 3 survivors (6144K)
 Metaspace       used 67526K, committed 68224K, reserved 1114112K
  class space    used 9435K, committed 9728K, reserved 1048576K
}
Event: 12.941 GC heap before
{Heap before GC invocations=21 (full 0):
 garbage-first heap   total 92160K, used 79054K [0x0000000742400000, 0x0000000800000000)
  region size 2048K, 18 young (36864K), 3 survivors (6144K)
 Metaspace       used 67539K, committed 68224K, reserved 1114112K
  class space    used 9437K, committed 9728K, reserved 1048576K
}
Event: 12.955 GC heap after
{Heap after GC invocations=22 (full 0):
 garbage-first heap   total 131072K, used 54809K [0x0000000742400000, 0x0000000800000000)
  region size 2048K, 3 young (6144K), 3 survivors (6144K)
 Metaspace       used 67539K, committed 68224K, reserved 1114112K
  class space    used 9437K, committed 9728K, reserved 1048576K
}
Event: 13.204 GC heap before
{Heap before GC invocations=22 (full 0):
 garbage-first heap   total 131072K, used 110105K [0x0000000742400000, 0x0000000800000000)
  region size 2048K, 31 young (63488K), 3 survivors (6144K)
 Metaspace       used 67631K, committed 68352K, reserved 1114112K
  class space    used 9450K, committed 9792K, reserved 1048576K
}
Event: 13.219 GC heap after
{Heap after GC invocations=23 (full 0):
 garbage-first heap   total 131072K, used 67511K [0x0000000742400000, 0x0000000800000000)
  region size 2048K, 4 young (8192K), 4 survivors (8192K)
 Metaspace       used 67631K, committed 68352K, reserved 1114112K
  class space    used 9450K, committed 9792K, reserved 1048576K
}
Event: 13.375 GC heap before
{Heap before GC invocations=23 (full 0):
 garbage-first heap   total 131072K, used 110519K [0x0000000742400000, 0x0000000800000000)
  region size 2048K, 26 young (53248K), 4 survivors (8192K)
 Metaspace       used 67631K, committed 68352K, reserved 1114112K
  class space    used 9450K, committed 9792K, reserved 1048576K
}
Event: 13.393 GC heap after
{Heap after GC invocations=24 (full 0):
 garbage-first heap   total 135168K, used 80747K [0x0000000742400000, 0x0000000800000000)
  region size 2048K, 4 young (8192K), 4 survivors (8192K)
 Metaspace       used 67631K, committed 68352K, reserved 1114112K
  class space    used 9450K, committed 9792K, reserved 1048576K
}
Event: 13.699 GC heap before
{Heap before GC invocations=24 (full 0):
 garbage-first heap   total 135168K, used 113515K [0x0000000742400000, 0x0000000800000000)
  region size 2048K, 20 young (40960K), 4 survivors (8192K)
 Metaspace       used 68634K, committed 69376K, reserved 1114112K
  class space    used 9611K, committed 9920K, reserved 1048576K
}
Event: 13.713 GC heap after
{Heap after GC invocations=25 (full 0):
 garbage-first heap   total 135168K, used 85955K [0x0000000742400000, 0x0000000800000000)
  region size 2048K, 2 young (4096K), 2 survivors (4096K)
 Metaspace       used 68634K, committed 69376K, reserved 1114112K
  class space    used 9611K, committed 9920K, reserved 1048576K
}
Event: 23.649 GC heap before
{Heap before GC invocations=26 (full 0):
 garbage-first heap   total 153600K, used 116675K [0x0000000742400000, 0x0000000800000000)
  region size 2048K, 17 young (34816K), 2 survivors (4096K)
 Metaspace       used 73287K, committed 74112K, reserved 1114112K
  class space    used 10153K, committed 10496K, reserved 1048576K
}
Event: 23.668 GC heap after
{Heap after GC invocations=27 (full 0):
 garbage-first heap   total 153600K, used 89927K [0x0000000742400000, 0x0000000800000000)
  region size 2048K, 2 young (4096K), 2 survivors (4096K)
 Metaspace       used 73287K, committed 74112K, reserved 1114112K
  class space    used 10153K, committed 10496K, reserved 1048576K
}

