# JRE version: Java(TM) SE Runtime Environment (20.0+36) (build 20+36-2344)
# Java VM: Java HotSpot(TM) 64-Bit Server VM (20+36-2344, mixed mode, emulated-client, sharing, tiered, compressed oops, compressed class ptrs, g1 gc, windows-amd64)
GC Precious Log:
 CardTable entry size: 512
 Card Set container configuration: InlinePtr #cards 4 size 8 Array Of Cards #cards 16 size 48 Howl #buckets 8 coarsen threshold 3686 Howl Bitmap #cards 512 size 80 coarsen threshold 460 Card regions per heap region 1 cards per card region 4096
 CPUs: 4 total, 4 available
 Memory: 12143M
 Large Page Support: Disabled
 NUMA Support: Disabled
 Compressed Oops: Enabled (Zero based)
 Heap Region Size: 2M
 Heap Min Capacity: 8M
 Heap Initial Capacity: 190M
 Heap Max Capacity: 3036M
 Pre-touch: Disabled
 Parallel Workers: 4
 Concurrent Workers: 1
 Concurrent Refinement Workers: 4
 Periodic GC: Disabled
Heap:
 garbage-first heap   total 147456K, used 90278K [0x0000000742400000, 0x0000000800000000)
  region size 2048K, 7 young (14336K), 3 survivors (6144K)
 Metaspace       used 75851K, committed 76736K, reserved 1179648K
  class space    used 10490K, committed 10880K, reserved 1048576K
GC Heap History (20 events):
Event: 11.151 GC heap before
{Heap before GC invocations=14 (full 0):
 garbage-first heap   total 92160K, used 78678K [0x0000000742400000, 0x0000000800000000)
  region size 2048K, 25 young (51200K), 3 survivors (6144K)
 Metaspace       used 62434K, committed 63040K, reserved 1114112K
  class space    used 8740K, committed 9024K, reserved 1048576K
}
Event: 11.162 GC heap after
{Heap after GC invocations=15 (full 0):
 garbage-first heap   total 92160K, used 35129K [0x0000000742400000, 0x0000000800000000)
  region size 2048K, 3 young (6144K), 3 survivors (6144K)
 Metaspace       used 62434K, committed 63040K, reserved 1114112K
  class space    used 8740K, committed 9024K, reserved 1048576K
}
Event: 11.605 GC heap before
{Heap before GC invocations=15 (full 0):
 garbage-first heap   total 92160K, used 78137K [0x0000000742400000, 0x0000000800000000)
  region size 2048K, 24 young (49152K), 3 survivors (6144K)
 Metaspace       used 63561K, committed 64192K, reserved 1114112K
  class space    used 8907K, committed 9216K, reserved 1048576K
}
Event: 11.617 GC heap after
{Heap after GC invocations=16 (full 0):
 garbage-first heap   total 92160K, used 35952K [0x0000000742400000, 0x0000000800000000)
  region size 2048K, 2 young (4096K), 2 survivors (4096K)
 Metaspace       used 63561K, committed 64192K, reserved 1114112K
  class space    used 8907K, committed 9216K, reserved 1048576K
}
Event: 11.869 GC heap before
{Heap before GC invocations=16 (full 0):
 garbage-first heap   total 92160K, used 81008K [0x0000000742400000, 0x0000000800000000)
  region size 2048K, 24 young (49152K), 2 survivors (4096K)
 Metaspace       used 63826K, committed 64448K, reserved 1114112K
  class space    used 8938K, committed 9216K, reserved 1048576K
}
Event: 11.875 GC heap after
{Heap after GC invocations=17 (full 0):
 garbage-first heap   total 92160K, used 36500K [0x0000000742400000, 0x0000000800000000)
  region size 2048K, 3 young (6144K), 3 survivors (6144K)
 Metaspace       used 63826K, committed 64448K, reserved 1114112K
  class space    used 8938K, committed 9216K, reserved 1048576K
}
Event: 12.640 GC heap before
{Heap before GC invocations=17 (full 0):
 garbage-first heap   total 92160K, used 77460K [0x0000000742400000, 0x0000000800000000)
  region size 2048K, 23 young (47104K), 3 survivors (6144K)
 Metaspace       used 66857K, committed 67520K, reserved 1114112K
  class space    used 9357K, committed 9664K, reserved 1048576K
}
Event: 12.652 GC heap after
{Heap after GC invocations=18 (full 0):
 garbage-first heap   total 92160K, used 39183K [0x0000000742400000, 0x0000000800000000)
  region size 2048K, 3 young (6144K), 3 survivors (6144K)
 Metaspace       used 66857K, committed 67520K, reserved 1114112K
  class space    used 9357K, committed 9664K, reserved 1048576K
}
Event: 12.930 GC heap before
{Heap before GC invocations=19 (full 0):
 garbage-first heap   total 92160K, used 76047K [0x0000000742400000, 0x0000000800000000)
  region size 2048K, 22 young (45056K), 3 survivors (6144K)
 Metaspace       used 67528K, committed 68224K, reserved 1114112K
  class space    used 9437K, committed 9728K, reserved 1048576K
}
Event: 12.943 GC heap after
{Heap after GC invocations=20 (full 0):
 garbage-first heap   total 92160K, used 47019K [0x0000000742400000, 0x0000000800000000)
  region size 2048K, 3 young (6144K), 3 survivors (6144K)
 Metaspace       used 67528K, committed 68224K, reserved 1114112K
  class space    used 9437K, committed 9728K, reserved 1048576K
}
Event: 13.120 GC heap before
{Heap before GC invocations=20 (full 0):
 garbage-first heap   total 92160K, used 77739K [0x0000000742400000, 0x0000000800000000)
  region size 2048K, 19 young (38912K), 3 survivors (6144K)
 Metaspace       used 67541K, committed 68288K, reserved 1114112K
  class space    used 9440K, committed 9792K, reserved 1048576K
}
Event: 13.134 GC heap after
{Heap after GC invocations=21 (full 0):
 garbage-first heap   total 124928K, used 55296K [0x0000000742400000, 0x0000000800000000)
  region size 2048K, 3 young (6144K), 3 survivors (6144K)
 Metaspace       used 67541K, committed 68288K, reserved 1114112K
  class space    used 9440K, committed 9792K, reserved 1048576K
}
Event: 13.366 GC heap before
{Heap before GC invocations=22 (full 0):
 garbage-first heap   total 137216K, used 100352K [0x0000000742400000, 0x0000000800000000)
  region size 2048K, 26 young (53248K), 3 survivors (6144K)
 Metaspace       used 67633K, committed 68352K, reserved 1114112K
  class space    used 9453K, committed 9792K, reserved 1048576K
}
Event: 13.381 GC heap after
{Heap after GC invocations=23 (full 0):
 garbage-first heap   total 137216K, used 63844K [0x0000000742400000, 0x0000000800000000)
  region size 2048K, 4 young (8192K), 4 survivors (8192K)
 Metaspace       used 67633K, committed 68352K, reserved 1114112K
  class space    used 9453K, committed 9792K, reserved 1048576K
}
Event: 13.570 GC heap before
{Heap before GC invocations=23 (full 0):
 garbage-first heap   total 137216K, used 110948K [0x0000000742400000, 0x0000000800000000)
  region size 2048K, 27 young (55296K), 4 survivors (8192K)
 Metaspace       used 67633K, committed 68352K, reserved 1114112K
  class space    used 9453K, committed 9792K, reserved 1048576K
}
Event: 13.592 GC heap after
{Heap after GC invocations=24 (full 0):
 garbage-first heap   total 137216K, used 75776K [0x0000000742400000, 0x0000000800000000)
  region size 2048K, 4 young (8192K), 4 survivors (8192K)
 Metaspace       used 67633K, committed 68352K, reserved 1114112K
  class space    used 9453K, committed 9792K, reserved 1048576K
}
Event: 14.033 GC heap before
{Heap before GC invocations=24 (full 0):
 garbage-first heap   total 137216K, used 112640K [0x0000000742400000, 0x0000000800000000)
  region size 2048K, 23 young (47104K), 4 survivors (8192K)
 Metaspace       used 68815K, committed 69568K, reserved 1114112K
  class space    used 9634K, committed 9984K, reserved 1048576K
}
Event: 14.059 GC heap after
{Heap after GC invocations=25 (full 0):
 garbage-first heap   total 137216K, used 83416K [0x0000000742400000, 0x0000000800000000)
  region size 2048K, 3 young (6144K), 3 survivors (6144K)
 Metaspace       used 68815K, committed 69568K, reserved 1114112K
  class space    used 9634K, committed 9984K, reserved 1048576K
}
Event: 31.776 GC heap before
{Heap before GC invocations=26 (full 0):
 garbage-first heap   total 147456K, used 116184K [0x0000000742400000, 0x0000000800000000)
  region size 2048K, 20 young (40960K), 3 survivors (6144K)
 Metaspace       used 74707K, committed 75520K, reserved 1114112K
  class space    used 10332K, committed 10688K, reserved 1048576K
}
Event: 31.791 GC heap after
{Heap after GC invocations=27 (full 0):
 garbage-first heap   total 147456K, used 86182K [0x0000000742400000, 0x0000000800000000)
  region size 2048K, 3 young (6144K), 3 survivors (6144K)
 Metaspace       used 74707K, committed 75520K, reserved 1114112K
  class space    used 10332K, committed 10688K, reserved 1048576K
}

